This file contains any messages produced by compilers while
running configure, to aid debugging if configure makes a mistake.

It was created by configure, which was
generated by GNU Autoconf 2.69.  Invocation command line was

  $ ./configure --enable-usb --no-create --no-recursion

## --------- ##
## Platform. ##
## --------- ##

hostname = w9naa-bone
uname -m = armv7l
uname -r = 3.8.13-bone67
uname -s = Linux
uname -v = #1 SMP Wed Sep 24 21:30:03 UTC 2014

/usr/bin/uname -p = unknown
/bin/uname -X     = unknown

/bin/arch              = unknown
/usr/bin/arch -k       = unknown
/usr/convex/getsysinfo = unknown
/usr/bin/hostinfo      = unknown
/bin/machine           = unknown
/usr/bin/oslevel       = unknown
/bin/universe          = unknown

PATH: /usr/local/sbin
PATH: /usr/local/bin
PATH: /usr/sbin
PATH: /usr/bin
PATH: /sbin
PATH: /bin


## ----------- ##
## Core tests. ##
## ----------- ##

configure:2320: checking for a BSD-compatible install
configure:2388: result: /usr/bin/install -c
configure:2399: checking whether build environment is sane
configure:2449: result: yes
configure:2590: checking for a thread-safe mkdir -p
configure:2629: result: /bin/mkdir -p
configure:2642: checking for gawk
configure:2672: result: no
configure:2642: checking for mawk
configure:2658: found /usr/bin/mawk
configure:2669: result: mawk
configure:2680: checking whether make sets $(MAKE)
configure:2702: result: yes
configure:2848: checking build system type
configure:2862: result: armv7l-unknown-linux-gnu
configure:2882: checking host system type
configure:2895: result: armv7l-unknown-linux-gnu
configure:2964: checking for gcc
configure:2980: found /usr/bin/gcc
configure:2991: result: gcc
configure:3220: checking for C compiler version
configure:3229: gcc --version >&5
gcc (Debian 4.6.3-14) 4.6.3
Copyright (C) 2011 Free Software Foundation, Inc.
This is free software; see the source for copying conditions.  There is NO
warranty; not even for MERCHANTABILITY or FITNESS FOR A PARTICULAR PURPOSE.

configure:3240: $? = 0
configure:3229: gcc -v >&5
Using built-in specs.
COLLECT_GCC=gcc
COLLECT_LTO_WRAPPER=/usr/lib/gcc/arm-linux-gnueabihf/4.6/lto-wrapper
Target: arm-linux-gnueabihf
Configured with: ../src/configure -v --with-pkgversion='Debian 4.6.3-14' --with-bugurl=file:///usr/share/doc/gcc-4.6/README.Bugs --enable-languages=c,c++,fortran,objc,obj-c++ --prefix=/usr --program-suffix=-4.6 --enable-shared --enable-linker-build-id --with-system-zlib --libexecdir=/usr/lib --without-included-gettext --enable-threads=posix --with-gxx-include-dir=/usr/include/c++/4.6 --libdir=/usr/lib --enable-nls --with-sysroot=/ --enable-clocale=gnu --enable-libstdcxx-debug --enable-libstdcxx-time=yes --enable-gnu-unique-object --enable-plugin --enable-objc-gc --disable-sjlj-exceptions --with-arch=armv7-a --with-fpu=vfpv3-d16 --with-float=hard --with-mode=thumb --enable-checking=release --build=arm-linux-gnueabihf --host=arm-linux-gnueabihf --target=arm-linux-gnueabihf
Thread model: posix
gcc version 4.6.3 (Debian 4.6.3-14) 
configure:3240: $? = 0
configure:3229: gcc -V >&5
gcc: error: unrecognized option '-V'
gcc: fatal error: no input files
compilation terminated.
configure:3240: $? = 4
configure:3229: gcc -qversion >&5
gcc: error: unrecognized option '-qversion'
gcc: fatal error: no input files
compilation terminated.
configure:3240: $? = 4
configure:3260: checking whether the C compiler works
configure:3282: gcc    conftest.c  >&5
configure:3286: $? = 0
configure:3334: result: yes
configure:3337: checking for C compiler default output file name
configure:3339: result: a.out
configure:3345: checking for suffix of executables
configure:3352: gcc -o conftest    conftest.c  >&5
configure:3356: $? = 0
configure:3378: result: 
configure:3400: checking whether we are cross compiling
configure:3408: gcc -o conftest    conftest.c  >&5
configure:3412: $? = 0
configure:3419: ./conftest
configure:3423: $? = 0
configure:3438: result: no
configure:3443: checking for suffix of object files
configure:3465: gcc -c   conftest.c >&5
configure:3469: $? = 0
configure:3490: result: o
configure:3494: checking whether we are using the GNU C compiler
configure:3513: gcc -c   conftest.c >&5
configure:3513: $? = 0
configure:3522: result: yes
configure:3531: checking whether gcc accepts -g
configure:3551: gcc -c -g  conftest.c >&5
configure:3551: $? = 0
configure:3592: result: yes
configure:3609: checking for gcc option to accept ISO C89
configure:3672: gcc  -c -g -O2  conftest.c >&5
configure:3672: $? = 0
configure:3685: result: none needed
configure:3716: checking for style of include used by make
configure:3744: result: GNU
configure:3769: checking dependency style of gcc
configure:3879: result: gcc3
configure:3952: checking for g++
configure:3968: found /usr/bin/g++
configure:3979: result: g++
configure:4006: checking for C++ compiler version
configure:4015: g++ --version >&5
g++ (Debian 4.6.3-14) 4.6.3
Copyright (C) 2011 Free Software Foundation, Inc.
This is free software; see the source for copying conditions.  There is NO
warranty; not even for MERCHANTABILITY or FITNESS FOR A PARTICULAR PURPOSE.

configure:4026: $? = 0
configure:4015: g++ -v >&5
Using built-in specs.
COLLECT_GCC=g++
COLLECT_LTO_WRAPPER=/usr/lib/gcc/arm-linux-gnueabihf/4.6/lto-wrapper
Target: arm-linux-gnueabihf
Configured with: ../src/configure -v --with-pkgversion='Debian 4.6.3-14' --with-bugurl=file:///usr/share/doc/gcc-4.6/README.Bugs --enable-languages=c,c++,fortran,objc,obj-c++ --prefix=/usr --program-suffix=-4.6 --enable-shared --enable-linker-build-id --with-system-zlib --libexecdir=/usr/lib --without-included-gettext --enable-threads=posix --with-gxx-include-dir=/usr/include/c++/4.6 --libdir=/usr/lib --enable-nls --with-sysroot=/ --enable-clocale=gnu --enable-libstdcxx-debug --enable-libstdcxx-time=yes --enable-gnu-unique-object --enable-plugin --enable-objc-gc --disable-sjlj-exceptions --with-arch=armv7-a --with-fpu=vfpv3-d16 --with-float=hard --with-mode=thumb --enable-checking=release --build=arm-linux-gnueabihf --host=arm-linux-gnueabihf --target=arm-linux-gnueabihf
Thread model: posix
gcc version 4.6.3 (Debian 4.6.3-14) 
configure:4026: $? = 0
configure:4015: g++ -V >&5
g++: error: unrecognized option '-V'
g++: fatal error: no input files
compilation terminated.
configure:4026: $? = 4
configure:4015: g++ -qversion >&5
g++: error: unrecognized option '-qversion'
g++: fatal error: no input files
compilation terminated.
configure:4026: $? = 4
configure:4030: checking whether we are using the GNU C++ compiler
configure:4049: g++ -c   conftest.cpp >&5
configure:4049: $? = 0
configure:4058: result: yes
configure:4067: checking whether g++ accepts -g
configure:4087: g++ -c -g  conftest.cpp >&5
configure:4087: $? = 0
configure:4128: result: yes
configure:4153: checking dependency style of g++
configure:4263: result: gcc3
configure:4279: checking whether ln -s works
configure:4283: result: yes
configure:4333: checking for ranlib
configure:4349: found /usr/bin/ranlib
configure:4360: result: ranlib
configure:4385: checking for gcc
configure:4401: found /usr/bin/gcc
configure:4413: result: y
configure:4428: checking for g++
configure:4444: found /usr/bin/g++
configure:4456: result: y
configure:4470: checking for socket in -lsocket
configure:4495: gcc -o conftest -g -O2   conftest.c -lsocket   >&5
/usr/bin/ld: cannot find -lsocket
collect2: ld returned 1 exit status
configure:4495: $? = 1
configure: failed program was:
| /* confdefs.h */
| #define PACKAGE_NAME ""
| #define PACKAGE_TARNAME ""
| #define PACKAGE_VERSION ""
| #define PACKAGE_STRING ""
| #define PACKAGE_BUGREPORT ""
| #define PACKAGE_URL ""
| #define PACKAGE "thelinkbox"
| #define VERSION "0.53"
| /* end confdefs.h.  */
| 
| /* Override any GCC internal prototype to avoid an error.
|    Use char because int might match the return type of a GCC
|    builtin and then its argument prototype would still apply.  */
| #ifdef __cplusplus
| extern "C"
| #endif
| char socket ();
| int
| main ()
| {
| return socket ();
|   ;
|   return 0;
| }
configure:4504: result: no
configure:4521: checking how to run the C preprocessor
configure:4552: gcc -E  conftest.c
configure:4552: $? = 0
configure:4566: gcc -E  conftest.c
conftest.c:11:28: fatal error: ac_nonexistent.h: No such file or directory
compilation terminated.
configure:4566: $? = 1
configure: failed program was:
| /* confdefs.h */
| #define PACKAGE_NAME ""
| #define PACKAGE_TARNAME ""
| #define PACKAGE_VERSION ""
| #define PACKAGE_STRING ""
| #define PACKAGE_BUGREPORT ""
| #define PACKAGE_URL ""
| #define PACKAGE "thelinkbox"
| #define VERSION "0.53"
| /* end confdefs.h.  */
| #include <ac_nonexistent.h>
configure:4591: result: gcc -E
configure:4611: gcc -E  conftest.c
configure:4611: $? = 0
configure:4625: gcc -E  conftest.c
conftest.c:11:28: fatal error: ac_nonexistent.h: No such file or directory
compilation terminated.
configure:4625: $? = 1
configure: failed program was:
| /* confdefs.h */
| #define PACKAGE_NAME ""
| #define PACKAGE_TARNAME ""
| #define PACKAGE_VERSION ""
| #define PACKAGE_STRING ""
| #define PACKAGE_BUGREPORT ""
| #define PACKAGE_URL ""
| #define PACKAGE "thelinkbox"
| #define VERSION "0.53"
| /* end confdefs.h.  */
| #include <ac_nonexistent.h>
configure:4654: checking for grep that handles long lines and -e
configure:4712: result: /bin/grep
configure:4717: checking for egrep
configure:4779: result: /bin/grep -E
configure:4784: checking for ANSI C header files
configure:4804: gcc -c -g -O2  conftest.c >&5
configure:4804: $? = 0
configure:4877: gcc -o conftest -g -O2   conftest.c  >&5
configure:4877: $? = 0
configure:4877: ./conftest
configure:4877: $? = 0
configure:4888: result: yes
configure:4901: checking for sys/types.h
configure:4901: gcc -c -g -O2  conftest.c >&5
configure:4901: $? = 0
configure:4901: result: yes
configure:4901: checking for sys/stat.h
configure:4901: gcc -c -g -O2  conftest.c >&5
configure:4901: $? = 0
configure:4901: result: yes
configure:4901: checking for stdlib.h
configure:4901: gcc -c -g -O2  conftest.c >&5
configure:4901: $? = 0
configure:4901: result: yes
configure:4901: checking for string.h
configure:4901: gcc -c -g -O2  conftest.c >&5
configure:4901: $? = 0
configure:4901: result: yes
configure:4901: checking for memory.h
configure:4901: gcc -c -g -O2  conftest.c >&5
configure:4901: $? = 0
configure:4901: result: yes
configure:4901: checking for strings.h
configure:4901: gcc -c -g -O2  conftest.c >&5
configure:4901: $? = 0
configure:4901: result: yes
configure:4901: checking for inttypes.h
configure:4901: gcc -c -g -O2  conftest.c >&5
configure:4901: $? = 0
configure:4901: result: yes
configure:4901: checking for stdint.h
configure:4901: gcc -c -g -O2  conftest.c >&5
configure:4901: $? = 0
configure:4901: result: yes
configure:4901: checking for unistd.h
configure:4901: gcc -c -g -O2  conftest.c >&5
configure:4901: $? = 0
configure:4901: result: yes
configure:4913: checking whether byte ordering is bigendian
configure:4928: gcc -c -g -O2  conftest.c >&5
conftest.c:22:9: error: unknown type name 'not'
conftest.c:22:15: error: expected '=', ',', ';', 'asm' or '__attribute__' before 'universal'
conftest.c:22:15: error: unknown type name 'universal'
configure:4928: $? = 1
configure: failed program was:
| /* confdefs.h */
| #define PACKAGE_NAME ""
| #define PACKAGE_TARNAME ""
| #define PACKAGE_VERSION ""
| #define PACKAGE_STRING ""
| #define PACKAGE_BUGREPORT ""
| #define PACKAGE_URL ""
| #define PACKAGE "thelinkbox"
| #define VERSION "0.53"
| #define STDC_HEADERS 1
| #define HAVE_SYS_TYPES_H 1
| #define HAVE_SYS_STAT_H 1
| #define HAVE_STDLIB_H 1
| #define HAVE_STRING_H 1
| #define HAVE_MEMORY_H 1
| #define HAVE_STRINGS_H 1
| #define HAVE_INTTYPES_H 1
| #define HAVE_STDINT_H 1
| #define HAVE_UNISTD_H 1
| /* end confdefs.h.  */
| #ifndef __APPLE_CC__
| 	       not a universal capable compiler
| 	     #endif
| 	     typedef int dummy;
| 
configure:4973: gcc -c -g -O2  conftest.c >&5
configure:4973: $? = 0
configure:4991: gcc -c -g -O2  conftest.c >&5
conftest.c: In function 'main':
conftest.c:28:4: error: unknown type name 'not'
conftest.c:28:12: error: expected '=', ',', ';', 'asm' or '__attribute__' before 'endian'
configure:4991: $? = 1
configure: failed program was:
| /* confdefs.h */
| #define PACKAGE_NAME ""
| #define PACKAGE_TARNAME ""
| #define PACKAGE_VERSION ""
| #define PACKAGE_STRING ""
| #define PACKAGE_BUGREPORT ""
| #define PACKAGE_URL ""
| #define PACKAGE "thelinkbox"
| #define VERSION "0.53"
| #define STDC_HEADERS 1
| #define HAVE_SYS_TYPES_H 1
| #define HAVE_SYS_STAT_H 1
| #define HAVE_STDLIB_H 1
| #define HAVE_STRING_H 1
| #define HAVE_MEMORY_H 1
| #define HAVE_STRINGS_H 1
| #define HAVE_INTTYPES_H 1
| #define HAVE_STDINT_H 1
| #define HAVE_UNISTD_H 1
| /* end confdefs.h.  */
| #include <sys/types.h>
| 		#include <sys/param.h>
| 
| int
| main ()
| {
| #if BYTE_ORDER != BIG_ENDIAN
| 		 not big endian
| 		#endif
| 
|   ;
|   return 0;
| }
configure:5119: result: no
configure:5150: checking for usb_init in -lusb
configure:5175: gcc -o conftest -g -O2   conftest.c -lusb   >&5
configure:5175: $? = 0
configure:5184: result: yes
configure:5365: checking for EVIOCGUNIQ
configure:5385: gcc -c -g -O2  conftest.c >&5
configure:5385: $? = 0
configure:5395: result: yes
configure:5405: checking for int8_t...int64_t
configure:5426: gcc -c -g -O2  conftest.c >&5
configure:5426: $? = 0
configure:5443: result: no
configure:5447: checking for u_int8_t...u_int64_t
configure:5468: gcc -c -g -O2  conftest.c >&5
configure:5468: $? = 0
configure:5485: result: no
configure:5490: checking for ANSI C header files
configure:5594: result: yes
configure:5605: checking fcntl.h usability
configure:5605: gcc -c -g -O2  conftest.c >&5
configure:5605: $? = 0
configure:5605: result: yes
configure:5605: checking fcntl.h presence
configure:5605: gcc -E  conftest.c
configure:5605: $? = 0
configure:5605: result: yes
configure:5605: checking for fcntl.h
configure:5605: result: yes
configure:5605: checking limits.h usability
configure:5605: gcc -c -g -O2  conftest.c >&5
configure:5605: $? = 0
configure:5605: result: yes
configure:5605: checking limits.h presence
configure:5605: gcc -E  conftest.c
configure:5605: $? = 0
configure:5605: result: yes
configure:5605: checking for limits.h
configure:5605: result: yes
configure:5605: checking sys/time.h usability
configure:5605: gcc -c -g -O2  conftest.c >&5
configure:5605: $? = 0
configure:5605: result: yes
configure:5605: checking sys/time.h presence
configure:5605: gcc -E  conftest.c
configure:5605: $? = 0
configure:5605: result: yes
configure:5605: checking for sys/time.h
configure:5605: result: yes
configure:5605: checking for unistd.h
configure:5605: result: yes
configure:5605: checking sys/signal.h usability
configure:5605: gcc -c -g -O2  conftest.c >&5
configure:5605: $? = 0
configure:5605: result: yes
configure:5605: checking sys/signal.h presence
configure:5605: gcc -E  conftest.c
configure:5605: $? = 0
configure:5605: result: yes
configure:5605: checking for sys/signal.h
configure:5605: result: yes
configure:5605: checking sys/timeb.h usability
configure:5605: gcc -c -g -O2  conftest.c >&5
configure:5605: $? = 0
configure:5605: result: yes
configure:5605: checking sys/timeb.h presence
configure:5605: gcc -E  conftest.c
configure:5605: $? = 0
configure:5605: result: yes
configure:5605: checking for sys/timeb.h
configure:5605: result: yes
configure:5617: checking grp.h usability
configure:5617: gcc -c -g -O2  conftest.c >&5
configure:5617: $? = 0
configure:5617: result: yes
configure:5617: checking grp.h presence
configure:5617: gcc -E  conftest.c
configure:5617: $? = 0
configure:5617: result: yes
configure:5617: checking for grp.h
configure:5617: result: yes
configure:5629: checking math.h usability
configure:5629: gcc -c -g -O2  conftest.c >&5
configure:5629: $? = 0
configure:5629: result: yes
configure:5629: checking math.h presence
configure:5629: gcc -E  conftest.c
configure:5629: $? = 0
configure:5629: result: yes
configure:5629: checking for math.h
configure:5629: result: yes
configure:5640: checking for an ANSI C-conforming const
configure:5706: gcc -c -g -O2  conftest.c >&5
configure:5706: $? = 0
configure:5713: result: yes
configure:5721: checking for size_t
configure:5721: gcc -c -g -O2  conftest.c >&5
configure:5721: $? = 0
configure:5721: gcc -c -g -O2  conftest.c >&5
conftest.c: In function 'main':
conftest.c:68:21: error: expected expression before ')' token
configure:5721: $? = 1
configure: failed program was:
| /* confdefs.h */
| #define PACKAGE_NAME ""
| #define PACKAGE_TARNAME ""
| #define PACKAGE_VERSION ""
| #define PACKAGE_STRING ""
| #define PACKAGE_BUGREPORT ""
| #define PACKAGE_URL ""
| #define PACKAGE "thelinkbox"
| #define VERSION "0.53"
| #define STDC_HEADERS 1
| #define HAVE_SYS_TYPES_H 1
| #define HAVE_SYS_STAT_H 1
| #define HAVE_STDLIB_H 1
| #define HAVE_STRING_H 1
| #define HAVE_MEMORY_H 1
| #define HAVE_STRINGS_H 1
| #define HAVE_INTTYPES_H 1
| #define HAVE_STDINT_H 1
| #define HAVE_UNISTD_H 1
| #define HAVE_LIBUSB 1
| #define HAVE_EVIOCGUNIQ /**/
| #define STDC_HEADERS 1
| #define HAVE_FCNTL_H 1
| #define HAVE_LIMITS_H 1
| #define HAVE_SYS_TIME_H 1
| #define HAVE_UNISTD_H 1
| #define HAVE_SYS_SIGNAL_H 1
| #define HAVE_SYS_TIMEB_H 1
| #define HAVE_GRP_H 1
| #define HAVE_MATH_H 1
| /* end confdefs.h.  */
| #include <stdio.h>
| #ifdef HAVE_SYS_TYPES_H
| # include <sys/types.h>
| #endif
| #ifdef HAVE_SYS_STAT_H
| # include <sys/stat.h>
| #endif
| #ifdef STDC_HEADERS
| # include <stdlib.h>
| # include <stddef.h>
| #else
| # ifdef HAVE_STDLIB_H
| #  include <stdlib.h>
| # endif
| #endif
| #ifdef HAVE_STRING_H
| # if !defined STDC_HEADERS && defined HAVE_MEMORY_H
| #  include <memory.h>
| # endif
| # include <string.h>
| #endif
| #ifdef HAVE_STRINGS_H
| # include <strings.h>
| #endif
| #ifdef HAVE_INTTYPES_H
| # include <inttypes.h>
| #endif
| #ifdef HAVE_STDINT_H
| # include <stdint.h>
| #endif
| #ifdef HAVE_UNISTD_H
| # include <unistd.h>
| #endif
| int
| main ()
| {
| if (sizeof ((size_t)))
| 	    return 0;
|   ;
|   return 0;
| }
configure:5721: result: yes
configure:5732: checking whether time.h and sys/time.h may both be included
configure:5752: gcc -c -g -O2  conftest.c >&5
configure:5752: $? = 0
configure:5759: result: yes
configure:5767: checking whether struct tm is in sys/time.h or time.h
configure:5787: gcc -c -g -O2  conftest.c >&5
configure:5787: $? = 0
configure:5794: result: time.h
configure:5805: checking for strdup
configure:5805: gcc -o conftest -g -O2   conftest.c -lusb  >&5
conftest.c:56:6: warning: conflicting types for built-in function 'strdup' [enabled by default]
configure:5805: $? = 0
configure:5805: result: yes
configure:5816: checking for getopt
configure:5816: gcc -o conftest -g -O2   conftest.c -lusb  >&5
configure:5816: $? = 0
configure:5816: result: yes
configure:5828: checking for ftime
configure:5828: gcc -o conftest -g -O2   conftest.c -lusb  >&5
configure:5828: $? = 0
configure:5828: result: yes
configure:5840: checking for stricmp
configure:5840: gcc -o conftest -g -O2   conftest.c -lusb  >&5
/tmp/ccKYQH2Z.o: In function `main':
/root/ECE597-EchoLinkNode/thelinkbox/conftest.c:70: undefined reference to `stricmp'
collect2: ld returned 1 exit status
configure:5840: $? = 1
configure: failed program was:
| /* confdefs.h */
| #define PACKAGE_NAME ""
| #define PACKAGE_TARNAME ""
| #define PACKAGE_VERSION ""
| #define PACKAGE_STRING ""
| #define PACKAGE_BUGREPORT ""
| #define PACKAGE_URL ""
| #define PACKAGE "thelinkbox"
| #define VERSION "0.53"
| #define STDC_HEADERS 1
| #define HAVE_SYS_TYPES_H 1
| #define HAVE_SYS_STAT_H 1
| #define HAVE_STDLIB_H 1
| #define HAVE_STRING_H 1
| #define HAVE_MEMORY_H 1
| #define HAVE_STRINGS_H 1
| #define HAVE_INTTYPES_H 1
| #define HAVE_STDINT_H 1
| #define HAVE_UNISTD_H 1
| #define HAVE_LIBUSB 1
| #define HAVE_EVIOCGUNIQ /**/
| #define STDC_HEADERS 1
| #define HAVE_FCNTL_H 1
| #define HAVE_LIMITS_H 1
| #define HAVE_SYS_TIME_H 1
| #define HAVE_UNISTD_H 1
| #define HAVE_SYS_SIGNAL_H 1
| #define HAVE_SYS_TIMEB_H 1
| #define HAVE_GRP_H 1
| #define HAVE_MATH_H 1
| #define TIME_WITH_SYS_TIME 1
| #define HAVE_STRDUP 1
| #define HAVE_GETOPT 1
| #define HAVE_FTIME 1
| /* end confdefs.h.  */
| /* Define stricmp to an innocuous variant, in case <limits.h> declares stricmp.
|    For example, HP-UX 11i <limits.h> declares gettimeofday.  */
| #define stricmp innocuous_stricmp
| 
| /* System header to define __stub macros and hopefully few prototypes,
|     which can conflict with char stricmp (); below.
|     Prefer <limits.h> to <assert.h> if __STDC__ is defined, since
|     <limits.h> exists even on freestanding compilers.  */
| 
| #ifdef __STDC__
| # include <limits.h>
| #else
| # include <assert.h>
| #endif
| 
| #undef stricmp
| 
| /* Override any GCC internal prototype to avoid an error.
|    Use char because int might match the return type of a GCC
|    builtin and then its argument prototype would still apply.  */
| #ifdef __cplusplus
| extern "C"
| #endif
| char stricmp ();
| /* The GNU C library defines this for functions which it implements
|     to always fail with ENOSYS.  Some functions are actually named
|     something starting with __ and the normal name is an alias.  */
| #if defined __stub_stricmp || defined __stub___stricmp
| choke me
| #endif
| 
| int
| main ()
| {
| return stricmp ();
|   ;
|   return 0;
| }
configure:5840: result: no
configure:5840: checking for strcasecmp
configure:5840: gcc -o conftest -g -O2   conftest.c -lusb  >&5
conftest.c:59:6: warning: conflicting types for built-in function 'strcasecmp' [enabled by default]
configure:5840: $? = 0
configure:5840: result: yes
configure:6031: creating ./config.status

## ---------------- ##
## Cache variables. ##
## ---------------- ##

ac_cv_build=armv7l-unknown-linux-gnu
ac_cv_c_bigendian=no
ac_cv_c_compiler_gnu=yes
ac_cv_c_const=yes
ac_cv_cxx_compiler_gnu=yes
ac_cv_env_CCC_set=
ac_cv_env_CCC_value=
ac_cv_env_CC_set=
ac_cv_env_CC_value=
ac_cv_env_CFLAGS_set=
ac_cv_env_CFLAGS_value=
ac_cv_env_CPPFLAGS_set=
ac_cv_env_CPPFLAGS_value=
ac_cv_env_CPP_set=
ac_cv_env_CPP_value=
ac_cv_env_CXXFLAGS_set=
ac_cv_env_CXXFLAGS_value=
ac_cv_env_CXX_set=
ac_cv_env_CXX_value=
ac_cv_env_LDFLAGS_set=
ac_cv_env_LDFLAGS_value=
ac_cv_env_LIBS_set=
ac_cv_env_LIBS_value=
ac_cv_env_build_alias_set=
ac_cv_env_build_alias_value=
ac_cv_env_host_alias_set=
ac_cv_env_host_alias_value=
ac_cv_env_target_alias_set=
ac_cv_env_target_alias_value=
ac_cv_func_ftime=yes
ac_cv_func_getopt=yes
ac_cv_func_strcasecmp=yes
ac_cv_func_strdup=yes
ac_cv_func_stricmp=no
ac_cv_header_fcntl_h=yes
ac_cv_header_grp_h=yes
ac_cv_header_inttypes_h=yes
ac_cv_header_limits_h=yes
ac_cv_header_math_h=yes
ac_cv_header_memory_h=yes
ac_cv_header_stdc=yes
ac_cv_header_stdint_h=yes
ac_cv_header_stdlib_h=yes
ac_cv_header_string_h=yes
ac_cv_header_strings_h=yes
ac_cv_header_sys_signal_h=yes
ac_cv_header_sys_stat_h=yes
ac_cv_header_sys_time_h=yes
ac_cv_header_sys_timeb_h=yes
ac_cv_header_sys_types_h=yes
ac_cv_header_time=yes
ac_cv_header_unistd_h=yes
ac_cv_host=armv7l-unknown-linux-gnu
ac_cv_lib_socket_socket=no
ac_cv_lib_usb_usb_init=yes
ac_cv_objext=o
ac_cv_path_EGREP='/bin/grep -E'
ac_cv_path_GREP=/bin/grep
ac_cv_path_install='/usr/bin/install -c'
ac_cv_path_mkdir=/bin/mkdir
ac_cv_prog_AWK=mawk
ac_cv_prog_CPP='gcc -E'
ac_cv_prog_ac_ct_CC=gcc
ac_cv_prog_ac_ct_CXX=g++
ac_cv_prog_ac_ct_RANLIB=ranlib
ac_cv_prog_cc_c89=
ac_cv_prog_cc_g=yes
ac_cv_prog_cxx_g=yes
ac_cv_prog_have_c=y
ac_cv_prog_have_cplus_plus=y
ac_cv_prog_make_make_set=yes
ac_cv_struct_tm=time.h
ac_cv_type_size_t=yes
am_cv_CC_dependencies_compiler_type=gcc3
am_cv_CXX_dependencies_compiler_type=gcc3

## ----------------- ##
## Output variables. ##
## ----------------- ##

ACLOCAL='${SHELL} /root/ECE597-EchoLinkNode/thelinkbox/config/missing --run aclocal-1.11'
AMDEPBACKSLASH='\'
AMDEP_FALSE='#'
AMDEP_TRUE=''
AMTAR='${SHELL} /root/ECE597-EchoLinkNode/thelinkbox/config/missing --run tar'
AUTOCONF='${SHELL} /root/ECE597-EchoLinkNode/thelinkbox/config/missing --run autoconf'
AUTOHEADER='${SHELL} /root/ECE597-EchoLinkNode/thelinkbox/config/missing --run autoheader'
AUTOMAKE='${SHELL} /root/ECE597-EchoLinkNode/thelinkbox/config/missing --run automake-1.11'
AWK='mawk'
CC='gcc'
CCDEPMODE='depmode=gcc3'
CFLAGS='-g -O2'
CPP='gcc -E'
CPPFLAGS=''
CXX='g++'
CXXDEPMODE='depmode=gcc3'
CXXFLAGS='-g -O2'
CYGPATH_W='echo'
DEBUG_BUILD_FALSE=''
DEBUG_BUILD_TRUE='#'
DEFS='-DHAVE_CONFIG_H'
DEPDIR='.deps'
ECHO_C=''
ECHO_N='-n'
ECHO_T=''
EGREP='/bin/grep -E'
EXEEXT=''
GREP='/bin/grep'
HAVE_EVIOCGUNIQ='1'
HAVE_SIGNED_BITTYPES='0'
HAVE_UNSIGNED_BITTYPES='0'
INSTALL_DATA='${INSTALL} -m 644'
INSTALL_PROGRAM='${INSTALL}'
INSTALL_SCRIPT='${INSTALL}'
INSTALL_STRIP_PROGRAM='$(install_sh) -c -s'
LDFLAGS=''
LIBDMALLOC=''
LIBOBJS=''
LIBREADLINE=''
LIBS='-lusb '
LINK_BOX_FALSE='#'
LINK_BOX_TRUE=''
LN_S='ln -s'
LTLIBOBJS=''
MAKEINFO='${SHELL} /root/ECE597-EchoLinkNode/thelinkbox/config/missing --run makeinfo'
MKDIR_P='/bin/mkdir -p'
OBJEXT='o'
PACKAGE='thelinkbox'
PACKAGE_BUGREPORT=''
PACKAGE_NAME=''
PACKAGE_STRING=''
PACKAGE_TARNAME=''
PACKAGE_URL=''
PACKAGE_VERSION=''
PATH_SEPARATOR=':'
PROFILED_BUILD_FALSE=''
PROFILED_BUILD_TRUE='#'
RANLIB='ranlib'
SET_MAKE=''
SHELL='/bin/bash'
STRIP=''
USB_SUPPORT_FALSE='#'
USB_SUPPORT_TRUE=''
USE_DMALLOC_FALSE=''
USE_DMALLOC_TRUE='#'
VERSION='0.53'
ac_ct_CC='gcc'
ac_ct_CXX='g++'
am__EXEEXT_FALSE=''
am__EXEEXT_TRUE='#'
am__fastdepCC_FALSE='#'
am__fastdepCC_TRUE=''
am__fastdepCXX_FALSE='#'
am__fastdepCXX_TRUE=''
am__include='include'
am__isrc=''
am__leading_dot='.'
am__quote=''
am__tar='${AMTAR} chof - "$$tardir"'
am__untar='${AMTAR} xf -'
bindir='${exec_prefix}/bin'
build='armv7l-unknown-linux-gnu'
build_alias=''
build_cpu='armv7l'
build_os='linux-gnu'
build_vendor='unknown'
datadir='${datarootdir}'
datarootdir='${prefix}/share'
docdir='${datarootdir}/doc/${PACKAGE}'
dvidir='${docdir}'
exec_prefix='${prefix}'
have_c='y'
have_cplus_plus='y'
host='armv7l-unknown-linux-gnu'
host_alias=''
host_cpu='armv7l'
host_os='linux-gnu'
host_vendor='unknown'
htmldir='${docdir}'
includedir='${prefix}/include'
infodir='${datarootdir}/info'
install_sh='${SHELL} /root/ECE597-EchoLinkNode/thelinkbox/config/install-sh'
libdir='${exec_prefix}/lib'
libexecdir='${exec_prefix}/libexec'
localedir='${datarootdir}/locale'
localstatedir='${prefix}/var'
mandir='${datarootdir}/man'
mkdir_p='/bin/mkdir -p'
oldincludedir='/usr/include'
pdfdir='${docdir}'
prefix='/usr/local'
program_transform_name='s,x,x,'
psdir='${docdir}'
sbindir='${exec_prefix}/sbin'
sharedstatedir='${prefix}/com'
sysconfdir='${prefix}/etc'
target_alias=''

## ----------- ##
## confdefs.h. ##
## ----------- ##

/* confdefs.h */
#define PACKAGE_NAME ""
#define PACKAGE_TARNAME ""
#define PACKAGE_VERSION ""
#define PACKAGE_STRING ""
#define PACKAGE_BUGREPORT ""
#define PACKAGE_URL ""
#define PACKAGE "thelinkbox"
#define VERSION "0.53"
#define STDC_HEADERS 1
#define HAVE_SYS_TYPES_H 1
#define HAVE_SYS_STAT_H 1
#define HAVE_STDLIB_H 1
#define HAVE_STRING_H 1
#define HAVE_MEMORY_H 1
#define HAVE_STRINGS_H 1
#define HAVE_INTTYPES_H 1
#define HAVE_STDINT_H 1
#define HAVE_UNISTD_H 1
#define HAVE_LIBUSB 1
#define HAVE_EVIOCGUNIQ /**/
#define STDC_HEADERS 1
#define HAVE_FCNTL_H 1
#define HAVE_LIMITS_H 1
#define HAVE_SYS_TIME_H 1
#define HAVE_UNISTD_H 1
#define HAVE_SYS_SIGNAL_H 1
#define HAVE_SYS_TIMEB_H 1
#define HAVE_GRP_H 1
#define HAVE_MATH_H 1
#define TIME_WITH_SYS_TIME 1
#define HAVE_STRDUP 1
#define HAVE_GETOPT 1
#define HAVE_FTIME 1
#define HAVE_STRCASECMP 1
#define OUR_HOST "armv7l-unknown-linux-gnu"

configure: exit 0

## ---------------------- ##
## Running config.status. ##
## ---------------------- ##

This file was extended by config.status, which was
generated by GNU Autoconf 2.69.  Invocation command line was

  CONFIG_FILES    = 
  CONFIG_HEADERS  = 
  CONFIG_LINKS    = 
  CONFIG_COMMANDS = 
  $ ./config.status 

on w9naa-bone

config.status:911: creating Makefile
config.status:911: creating src/Makefile
config.status:911: creating common/Makefile
config.status:911: creating inc/Makefile
config.status:911: creating zlib/Makefile
config.status:911: creating gsm/Makefile
config.status:911: creating gsm/src/Makefile
config.status:911: creating gsm/inc/Makefile
config.status:911: creating tlbcmd/Makefile
config.status:911: creating spandsp/Makefile
config.status:911: creating adpcm/Makefile
config.status:911: creating linkbox/Makefile
config.status:911: creating scripts/Makefile
config.status:911: creating soundmodem/Makefile
config.status:911: creating hrprof/Makefile
config.status:911: creating config.h
config.status:1092: config.h is unchanged
config.status:1140: executing depfiles commands

## ---------------------- ##
## Running config.status. ##
## ---------------------- ##

This file was extended by config.status, which was
generated by GNU Autoconf 2.69.  Invocation command line was

  CONFIG_FILES    = 
  CONFIG_HEADERS  = 
  CONFIG_LINKS    = 
  CONFIG_COMMANDS = 
  $ ./config.status config.h

on w9naa-bone

config.status:911: creating config.h
config.status:1092: config.h is unchanged
